2024-01-27 09:33:12.715 [info] Log level: Info
2024-01-27 09:33:12.715 [info] Validating found git in: "git"
2024-01-27 09:33:12.715 [info] Using git "2.43.0" from "git"
2024-01-27 09:33:12.715 [info] > git rev-parse --show-toplevel [4ms]
2024-01-27 09:33:12.715 [info] fatal: not a git repository (or any of the parent directories): .git
2024-01-27 09:33:15.608 [info] > git rev-parse --show-toplevel [3ms]
2024-01-27 09:33:15.608 [info] fatal: not a git repository (or any of the parent directories): .git
2024-01-27 09:35:12.197 [info] > git rev-parse --show-toplevel [1ms]
2024-01-27 09:35:12.197 [info] fatal: not a git repository (or any of the parent directories): .git
2024-01-27 09:35:13.653 [info] > git rev-parse --show-toplevel [2ms]
2024-01-27 09:35:13.653 [info] fatal: not a git repository (or any of the parent directories): .git
2024-01-27 09:42:34.666 [info] > git rev-parse --show-toplevel [1ms]
2024-01-27 09:42:34.666 [info] fatal: not a git repository (or any of the parent directories): .git
2024-01-27 09:42:47.245 [info] > git rev-parse --show-toplevel [2ms]
2024-01-27 09:42:47.245 [info] fatal: not a git repository (or any of the parent directories): .git
2024-01-27 09:43:01.981 [info] > git rev-parse --show-toplevel [3ms]
2024-01-27 09:43:01.981 [info] fatal: not a git repository (or any of the parent directories): .git
2024-01-27 09:45:01.724 [info] > git rev-parse --show-toplevel [2ms]
2024-01-27 09:45:01.724 [info] fatal: not a git repository (or any of the parent directories): .git
2024-01-27 09:45:17.170 [info] > git rev-parse --show-toplevel [2ms]
2024-01-27 09:45:17.170 [info] fatal: not a git repository (or any of the parent directories): .git
2024-01-27 09:47:10.782 [info] > git rev-parse --show-toplevel [2ms]
2024-01-27 09:47:10.783 [info] fatal: not a git repository (or any of the parent directories): .git
